2025-09-29 16:10:02, MOVE, v:1, k:animal, mode:PICK
2025-09-29 16:10:02, EXEC, v:1, k:animal, mode:FULL, rate:0, size:21
2025-09-29 16:10:04, MOVE, v:1, k:animal, mode:BACK
2025-09-29 16:10:06, MOVE, v:1, k:animal, mode:PICK
2025-09-29 16:10:07, EXEC, v:1, k:animal, mode:FULL, rate:0
2025-09-29 16:10:24, MOVE, v:1, k:animal, mode:BACK
2025-09-29 16:10:27, MOVE, v:1, k:animal, mode:PICK
2025-09-29 16:54:59, MOVE, v:1, k:animal, mode:BACK
2025-09-29 16:55:04, MOVE, v:1, k:enxugar, mode:PICK
2025-09-29 16:55:05, EXEC, v:1, k:enxugar, mode:FULL, rate:0, size:48
2025-09-29 17:01:35, EXEC, v:1, k:enxugar, mode:FULL, rate:0, size:50
2025-09-29 17:01:36, EXEC, v:1, k:enxugar, mode:FULL, rate:0
2025-09-29 17:03:07, EXEC, v:1, k:enxugar, mode:FULL, rate:0, size:54
2025-09-29 17:05:29, MOVE, v:1, k:enxugar, mode:PICK
2025-09-29 17:05:31, EXEC, v:1, k:enxugar, mode:FULL, rate:0
2025-09-29 17:07:35, EXEC, v:1, k:enxugar, mode:FULL, rate:0, size:54
2025-09-29 17:09:02, EXEC, v:1, k:enxugar, mode:FULL, rate:0, size:55
2025-09-29 17:10:28, EXEC, v:1, k:enxugar, mode:FULL, rate:0, size:56
2025-09-29 17:11:17, MOVE, v:1, k:enxugar, mode:PICK
2025-09-29 17:11:18, EXEC, v:1, k:enxugar, mode:FULL, rate:0, size:56
2025-09-29 17:12:10, EXEC, v:1, k:enxugar, mode:FULL, rate:0, size:56
2025-09-29 17:13:12, EXEC, v:1, k:enxugar, mode:FULL, rate:0, size:55
2025-09-29 17:13:45, EXEC, v:1, k:enxugar, mode:FULL, rate:0, size:55
2025-09-29 17:13:55, EXEC, v:1, k:enxugar, mode:FULL, rate:100, size:55
2025-09-29 17:14:08, MOVE, v:1, k:enxugar, mode:BACK
