2025-09-23 19:02:21, MOVE, v:1, k:animal, mode:DOWN
2025-09-23 19:45:53, MOVE, v:1, k:toalha, mode:PICK
2025-09-23 19:45:54, EXEC, v:1, k:toalha, mode:LOCK, rate:100
2025-09-23 19:45:55, EXEC, v:1, k:toalha, mode:LOCK, rate:100
2025-09-23 19:46:09, MOVE, v:1, k:toalha, mode:BACK
2025-09-23 19:46:15, MOVE, v:1, k:enxugar, mode:DOWN
2025-09-23 19:46:17, MOVE, v:1, k:enxugar, mode:PICK
2025-09-23 19:46:18, EXEC, v:1, k:enxugar, mode:FULL, rate:0, size:0
2025-09-23 19:46:48, EXEC, v:1, k:enxugar, mode:FULL, rate:0, size:49
2025-09-23 19:46:51, EXEC, v:1, k:enxugar, mode:FULL, rate:0
2025-09-23 19:46:52, EXEC, v:1, k:enxugar, mode:FULL, rate:0
2025-09-23 19:46:52, EXEC, v:1, k:enxugar, mode:FULL, rate:0
2025-09-23 19:46:52, EXEC, v:1, k:enxugar, mode:FULL, rate:0
2025-09-23 19:46:52, EXEC, v:1, k:enxugar, mode:FULL, rate:0
2025-09-23 19:46:53, EXEC, v:1, k:enxugar, mode:FULL, rate:0
2025-09-23 19:46:53, EXEC, v:1, k:enxugar, mode:FULL, rate:0
2025-09-23 19:46:53, EXEC, v:1, k:enxugar, mode:FULL, rate:0
2025-09-23 19:46:55, EXEC, v:1, k:enxugar, mode:FULL, rate:0
2025-09-23 19:59:42, MOVE, v:1, k:animal, mode:PICK
2025-09-23 19:59:49, MOVE, v:1, k:animal, mode:BACK
2025-09-23 20:00:06, MOVE, v:1, k:animal, mode:PICK
2025-09-23 20:00:07, EXEC, v:1, k:animal, mode:FULL, rate:0, size:8
2025-09-23 20:00:10, EXEC, v:1, k:animal, mode:FULL, rate:0
2025-09-23 20:00:12, MOVE, v:1, k:animal, mode:BACK
